GNU Octave, version 3.0.1
Copyright (C) 2008 John W. Eaton and others.
This is free software; see the source code for copying conditions.
There is ABSOLUTELY NO WARRANTY; not even for MERCHANTIBILITY or
FITNESS FOR A PARTICULAR PURPOSE.  For details, type `warranty'.

Octave was configured for "i486-pc-linux-gnu".

Additional information about Octave is available at http://www.octave.org.

Please contribute if you find this software useful.
For more information, visit http://www.octave.org/help-wanted.html

Report bugs to <bug@octave.org> (but first, please read
http://www.octave.org/bugs.html to learn how to write a helpful report).

For information about changes from previous versions, type `news'.

c5 =

   0.0321031  -0.1975300  -0.0292464   1.0457547   0.0027743  -0.0070102

a =

   0   0   0   0   0   0
   5   0   0   0   0   0
   0   4   0   0   0   0
   0   0   3   0   0   0
   0   0   0   2   0   0
   0   0   0   0   1   0

c5T =

   0.0321031
  -0.1975300
  -0.0292464
   1.0457547
   0.0027743
  -0.0070102

dc5 =

   0.00000
   0.16052
  -0.79012
  -0.08774
   2.09151
   0.00277

dc5T =

   0.00000   0.16052  -0.79012  -0.08774   2.09151   0.00277

